<?xml version="1.0" encoding="UTF-8"?>
<!-- Generated by org.testng.reporters.JUnitXMLReporter -->
<testsuite hostname="DDC2-L-7452Z3T" ignored="0" name="Test" tests="1" failures="0" timestamp="02 Feb 2019 11:33:46 GMT" time="5.49" errors="0">
  <testcase name="@AfterTest postActions" time="0.001" classname="utilities.Driver">
    <failure type="java.lang.AssertionError" message="The following asserts failed:
	---Expected title:Gmail---But---Actual Title:WebDriver--- expected [true] but found [false]">
      <![CDATA[java.lang.AssertionError: The following asserts failed:
---Expected title:Gmail---But---Actual Title:WebDriver--- expected [true] but found [false]
at utilities.Driver.postActions(Driver.java:88)
at java.util.concurrent.FutureTask.run(FutureTask.java:266)
at java.util.concurrent.ThreadPoolExecutor.runWorker(ThreadPoolExecutor.java:1149)
at java.util.concurrent.ThreadPoolExecutor$Worker.run(ThreadPoolExecutor.java:624)
at java.lang.Thread.run(Thread.java:748)
... Removed 16 stack frames]]>
    </failure>
  </testcase> <!-- @AfterTest postActions -->
  <testcase name="launchChrome" time="0.238" classname="utilities.Driver"/>
</testsuite> <!-- Test -->
